2025-09-26 15:00:13,359 - database_manager - INFO - TEST: Connessione oracle_iam...
2025-09-26 15:00:13,359 - database_manager - INFO - CONNESSIONE Oracle [oracle_iam]: 10.22.112.70:1551
2025-09-26 15:00:13,359 - database_manager - INFO - Service Name: iam.griffon.local
2025-09-26 15:00:13,359 - database_manager - INFO - TENTATIVO: Username/Password Thick Mode...
2025-09-26 15:00:15,371 - database_manager - INFO - OK: Connesso con Username/Password (Thick Mode)
2025-09-26 15:00:15,431 - database_manager - INFO - OK: Test connessione [oracle_iam]
2025-09-26 15:00:17,379 - database_manager - INFO - CHIUSA: Connessione Oracle [oracle_iam] chiusa
2025-09-26 15:00:17,379 - database_manager - INFO - TEST: Connessione oracle_dwh...
2025-09-26 15:00:17,379 - database_manager - INFO - CONNESSIONE Oracle [oracle_dwh]: 10.50.41.9:1521
2025-09-26 15:00:17,379 - database_manager - INFO - Service Name: dwniam
2025-09-26 15:00:17,379 - database_manager - INFO - TENTATIVO: Username/Password Thick Mode...
2025-09-26 15:00:19,429 - database_manager - INFO - OK: Connesso con Username/Password (Thick Mode)
2025-09-26 15:00:19,459 - database_manager - INFO - OK: Test connessione [oracle_dwh]
2025-09-26 15:00:20,853 - database_manager - INFO - CHIUSA: Connessione Oracle [oracle_dwh] chiusa
2025-09-26 15:00:20,853 - database_manager - INFO - TEST: Connessione mssql_sviluppo_dest...
2025-09-26 15:00:20,853 - database_manager - INFO - CONNESSIONE SQL Server [mssql_sviluppo_dest]: GRFWWW010VEN01.griffon.local
2025-09-26 15:00:20,853 - database_manager - INFO - Usando autenticazione Windows per [mssql_sviluppo_dest]
2025-09-26 15:00:21,213 - database_manager - INFO - OK: Connesso a SQL Server [mssql_sviluppo_dest]
2025-09-26 15:00:21,238 - database_manager - INFO - OK: Test connessione [mssql_sviluppo_dest]
2025-09-26 15:00:21,288 - database_manager - INFO - CHIUSA: Connessione SQL Server [mssql_sviluppo_dest] chiusa
2025-09-26 15:00:21,288 - database_manager - INFO - TEST: Connessione mssql_report...
2025-09-26 15:00:21,288 - database_manager - INFO - CONNESSIONE SQL Server [mssql_report]: GRFWWW010VEN01.griffon.local
2025-09-26 15:00:21,288 - database_manager - INFO - Usando autenticazione Windows per [mssql_report]
2025-09-26 15:00:21,622 - database_manager - INFO - OK: Connesso a SQL Server [mssql_report]
2025-09-26 15:00:21,648 - database_manager - INFO - OK: Test connessione [mssql_report]
2025-09-26 15:00:21,699 - database_manager - INFO - CHIUSA: Connessione SQL Server [mssql_report] chiusa
2025-09-26 15:00:21,700 - enhanced_multi_query_processor - INFO - AVVIO: Pipeline multi-database avanzata
2025-09-26 15:00:21,700 - enhanced_multi_query_processor - INFO - QUERY: [Login Standard DWH] risolto da file queries\DWH-STD.sql
2025-09-26 15:00:21,700 - enhanced_multi_query_processor - INFO - QUERY: Esecuzione Login Standard DWH da [oracle_dwh]
2025-09-26 15:00:21,700 - database_manager - INFO - CONNESSIONE Oracle [oracle_dwh]: 10.50.41.9:1521
2025-09-26 15:00:21,700 - database_manager - INFO - Service Name: dwniam
2025-09-26 15:00:21,700 - database_manager - INFO - TENTATIVO: Username/Password Thick Mode...
2025-09-26 15:00:23,963 - database_manager - INFO - OK: Connesso con Username/Password (Thick Mode)
2025-09-26 15:00:34,314 - enhanced_multi_query_processor - INFO - OK: Query Login Standard DWH completata: 1021 righe -> [DWH].[IAM_STD]
2025-09-26 15:00:35,647 - database_manager - INFO - CHIUSA: Connessione Oracle [oracle_dwh] chiusa
2025-09-26 15:00:35,647 - database_manager - INFO - CONNESSIONE SQL Server [mssql_sviluppo_dest]: GRFWWW010VEN01.griffon.local
2025-09-26 15:00:35,647 - database_manager - INFO - Usando autenticazione Windows per [mssql_sviluppo_dest]
2025-09-26 15:00:35,672 - database_manager - INFO - OK: Connesso a SQL Server [mssql_sviluppo_dest]
2025-09-26 15:00:35,672 - database_manager - INFO - CONNESSIONE SQL Server [mssql_sviluppo_dest]: GRFWWW010VEN01.griffon.local
2025-09-26 15:00:35,673 - database_manager - INFO - Usando autenticazione Windows per [mssql_sviluppo_dest]
2025-09-26 15:00:35,885 - database_manager - INFO - OK: Connesso a SQL Server [mssql_sviluppo_dest]
2025-09-26 15:00:35,940 - database_manager - INFO - SCHEMA: Schema [DWH] verificato/creato in [mssql_sviluppo_dest]
2025-09-26 15:00:35,967 - database_manager - INFO - CHIUSA: Connessione SQL Server [mssql_sviluppo_dest] chiusa
2025-09-26 15:00:36,022 - enhanced_multi_query_processor - INFO - DROP: Tabella [DWH].[IAM_STD] eliminata in [mssql_sviluppo_dest]
2025-09-26 15:00:36,080 - enhanced_multi_query_processor - INFO - CREATE: Tabella [DWH].[IAM_STD] creata in [mssql_sviluppo_dest]
2025-09-26 15:01:03,264 - enhanced_multi_query_processor - INFO - PROGRESS: 1000/1021 righe inserite in [DWH].[IAM_STD]
2025-09-26 15:01:03,832 - enhanced_multi_query_processor - INFO - OK: 1021 righe inserite in [DWH].[IAM_STD]
2025-09-26 15:01:03,882 - database_manager - INFO - CHIUSA: Connessione SQL Server [mssql_sviluppo_dest] chiusa
2025-09-26 15:01:03,883 - enhanced_multi_query_processor - INFO - QUERY: [Login NON Standard DWH] risolto da file queries\DWH-NONSTD.sql
2025-09-26 15:01:03,883 - enhanced_multi_query_processor - INFO - QUERY: Esecuzione Login NON Standard DWH da [oracle_dwh]
2025-09-26 15:01:03,883 - database_manager - INFO - CONNESSIONE Oracle [oracle_dwh]: 10.50.41.9:1521
2025-09-26 15:01:03,883 - database_manager - INFO - Service Name: dwniam
2025-09-26 15:01:03,883 - database_manager - INFO - TENTATIVO: Username/Password Thick Mode...
2025-09-26 15:01:05,867 - database_manager - INFO - OK: Connesso con Username/Password (Thick Mode)
2025-09-26 15:01:09,785 - enhanced_multi_query_processor - INFO - OK: Query Login NON Standard DWH completata: 341 righe -> [DWH].[IAM_NOSTD]
2025-09-26 15:01:10,996 - database_manager - INFO - CHIUSA: Connessione Oracle [oracle_dwh] chiusa
2025-09-26 15:01:10,997 - database_manager - INFO - CONNESSIONE SQL Server [mssql_sviluppo_dest]: GRFWWW010VEN01.griffon.local
2025-09-26 15:01:10,997 - database_manager - INFO - Usando autenticazione Windows per [mssql_sviluppo_dest]
2025-09-26 15:01:11,025 - database_manager - INFO - OK: Connesso a SQL Server [mssql_sviluppo_dest]
2025-09-26 15:01:11,034 - database_manager - INFO - CONNESSIONE SQL Server [mssql_sviluppo_dest]: GRFWWW010VEN01.griffon.local
2025-09-26 15:01:11,034 - database_manager - INFO - Usando autenticazione Windows per [mssql_sviluppo_dest]
2025-09-26 15:01:11,061 - database_manager - INFO - OK: Connesso a SQL Server [mssql_sviluppo_dest]
2025-09-26 15:01:11,113 - database_manager - INFO - SCHEMA: Schema [DWH] verificato/creato in [mssql_sviluppo_dest]
2025-09-26 15:01:11,140 - database_manager - INFO - CHIUSA: Connessione SQL Server [mssql_sviluppo_dest] chiusa
2025-09-26 15:01:11,195 - enhanced_multi_query_processor - INFO - DROP: Tabella [DWH].[IAM_NOSTD] eliminata in [mssql_sviluppo_dest]
2025-09-26 15:01:11,249 - enhanced_multi_query_processor - INFO - CREATE: Tabella [DWH].[IAM_NOSTD] creata in [mssql_sviluppo_dest]
2025-09-26 15:01:20,596 - enhanced_multi_query_processor - INFO - OK: 341 righe inserite in [DWH].[IAM_NOSTD]
2025-09-26 15:01:20,646 - database_manager - INFO - CHIUSA: Connessione SQL Server [mssql_sviluppo_dest] chiusa
2025-09-26 15:01:20,647 - enhanced_multi_query_processor - INFO - QUERY: [Login IAM COMPLETO] risolto da file queries\IAM-STD.sql
2025-09-26 15:01:20,647 - enhanced_multi_query_processor - INFO - QUERY: Esecuzione Login IAM COMPLETO da [mssql_report]
2025-09-26 15:01:20,647 - database_manager - INFO - CONNESSIONE SQL Server [mssql_report]: GRFWWW010VEN01.griffon.local
2025-09-26 15:01:20,647 - database_manager - INFO - Usando autenticazione Windows per [mssql_report]
2025-09-26 15:01:20,675 - database_manager - INFO - OK: Connesso a SQL Server [mssql_report]
2025-09-26 15:01:21,123 - enhanced_multi_query_processor - INFO - OK: Query Login IAM COMPLETO completata: 1041 righe -> [IAM].[Login]
2025-09-26 15:01:21,172 - database_manager - INFO - CHIUSA: Connessione SQL Server [mssql_report] chiusa
2025-09-26 15:01:21,173 - database_manager - INFO - CONNESSIONE SQL Server [mssql_sviluppo_dest]: GRFWWW010VEN01.griffon.local
2025-09-26 15:01:21,173 - database_manager - INFO - Usando autenticazione Windows per [mssql_sviluppo_dest]
2025-09-26 15:01:21,199 - database_manager - INFO - OK: Connesso a SQL Server [mssql_sviluppo_dest]
2025-09-26 15:01:21,199 - database_manager - INFO - CONNESSIONE SQL Server [mssql_sviluppo_dest]: GRFWWW010VEN01.griffon.local
2025-09-26 15:01:21,199 - database_manager - INFO - Usando autenticazione Windows per [mssql_sviluppo_dest]
2025-09-26 15:01:21,439 - database_manager - INFO - OK: Connesso a SQL Server [mssql_sviluppo_dest]
2025-09-26 15:01:21,497 - database_manager - INFO - SCHEMA: Schema [IAM] verificato/creato in [mssql_sviluppo_dest]
2025-09-26 15:01:21,522 - database_manager - INFO - CHIUSA: Connessione SQL Server [mssql_sviluppo_dest] chiusa
2025-09-26 15:01:21,577 - enhanced_multi_query_processor - INFO - DROP: Tabella [IAM].[Login] eliminata in [mssql_sviluppo_dest]
2025-09-26 15:01:21,642 - enhanced_multi_query_processor - INFO - CREATE: Tabella [IAM].[Login] creata in [mssql_sviluppo_dest]
2025-09-26 15:01:50,946 - enhanced_multi_query_processor - INFO - PROGRESS: 1000/1041 righe inserite in [IAM].[Login]
2025-09-26 15:01:52,101 - enhanced_multi_query_processor - INFO - OK: 1041 righe inserite in [IAM].[Login]
2025-09-26 15:01:52,153 - database_manager - INFO - CHIUSA: Connessione SQL Server [mssql_sviluppo_dest] chiusa
2025-09-26 15:01:52,153 - enhanced_multi_query_processor - INFO - OK: Pipeline multi-database avanzata completata
2025-09-26 15:01:52,154 - database_manager - INFO - CONNESSIONE SQL Server [mssql_sviluppo_dest]: GRFWWW010VEN01.griffon.local
2025-09-26 15:01:52,154 - database_manager - INFO - Usando autenticazione Windows per [mssql_sviluppo_dest]
2025-09-26 15:01:52,183 - database_manager - INFO - OK: Connesso a SQL Server [mssql_sviluppo_dest]
2025-09-26 15:01:52,286 - database_manager - INFO - CHIUSA: Connessione SQL Server [mssql_sviluppo_dest] chiusa
2025-09-26 15:01:52,287 - database_manager - INFO - CONNESSIONE SQL Server [mssql_sviluppo_dest]: GRFWWW010VEN01.griffon.local
2025-09-26 15:01:52,287 - database_manager - INFO - Usando autenticazione Windows per [mssql_sviluppo_dest]
2025-09-26 15:01:52,311 - database_manager - INFO - OK: Connesso a SQL Server [mssql_sviluppo_dest]
2025-09-26 15:01:52,413 - database_manager - INFO - CHIUSA: Connessione SQL Server [mssql_sviluppo_dest] chiusa
2025-09-26 15:01:52,413 - database_manager - INFO - CONNESSIONE SQL Server [mssql_sviluppo_dest]: GRFWWW010VEN01.griffon.local
2025-09-26 15:01:52,413 - database_manager - INFO - Usando autenticazione Windows per [mssql_sviluppo_dest]
2025-09-26 15:01:52,440 - database_manager - INFO - OK: Connesso a SQL Server [mssql_sviluppo_dest]
2025-09-26 15:01:52,545 - database_manager - INFO - CHIUSA: Connessione SQL Server [mssql_sviluppo_dest] chiusa
