2025-09-26 14:54:46,336 - database_manager - INFO - TEST: Connessione oracle_iam...
2025-09-26 14:54:46,337 - database_manager - INFO - CONNESSIONE Oracle [oracle_iam]: 10.22.112.70:1551
2025-09-26 14:54:46,337 - database_manager - INFO - Service Name: iam.griffon.local
2025-09-26 14:54:46,337 - database_manager - INFO - TENTATIVO: Username/Password Thick Mode...
2025-09-26 14:54:48,296 - database_manager - INFO - OK: Connesso con Username/Password (Thick Mode)
2025-09-26 14:54:48,328 - database_manager - INFO - OK: Test connessione [oracle_iam]
2025-09-26 14:54:49,796 - database_manager - INFO - CHIUSA: Connessione Oracle [oracle_iam] chiusa
2025-09-26 14:54:49,796 - database_manager - INFO - TEST: Connessione oracle_dwh...
2025-09-26 14:54:49,796 - database_manager - INFO - CONNESSIONE Oracle [oracle_dwh]: 10.50.41.9:1521
2025-09-26 14:54:49,796 - database_manager - INFO - Service Name: dwniam
2025-09-26 14:54:49,796 - database_manager - INFO - TENTATIVO: Username/Password Thick Mode...
2025-09-26 14:54:51,686 - database_manager - INFO - OK: Connesso con Username/Password (Thick Mode)
2025-09-26 14:54:51,726 - database_manager - INFO - OK: Test connessione [oracle_dwh]
2025-09-26 14:54:52,977 - database_manager - INFO - CHIUSA: Connessione Oracle [oracle_dwh] chiusa
2025-09-26 14:54:52,978 - database_manager - INFO - TEST: Connessione mssql_sviluppo_dest...
2025-09-26 14:54:52,978 - database_manager - INFO - CONNESSIONE SQL Server [mssql_sviluppo_dest]: GRFWWW010VEN01.griffon.local
2025-09-26 14:54:52,978 - database_manager - INFO - Usando autenticazione Windows per [mssql_sviluppo_dest]
2025-09-26 14:54:54,577 - database_manager - INFO - OK: Connesso a SQL Server [mssql_sviluppo_dest]
2025-09-26 14:54:54,604 - database_manager - INFO - OK: Test connessione [mssql_sviluppo_dest]
2025-09-26 14:54:54,654 - database_manager - INFO - CHIUSA: Connessione SQL Server [mssql_sviluppo_dest] chiusa
2025-09-26 14:54:54,654 - database_manager - INFO - TEST: Connessione mssql_report...
2025-09-26 14:54:54,654 - database_manager - INFO - CONNESSIONE SQL Server [mssql_report]: GRFWWW010VEN01.griffon.local
2025-09-26 14:54:54,654 - database_manager - INFO - Usando autenticazione Windows per [mssql_report]
2025-09-26 14:54:54,971 - database_manager - INFO - OK: Connesso a SQL Server [mssql_report]
2025-09-26 14:54:54,996 - database_manager - INFO - OK: Test connessione [mssql_report]
2025-09-26 14:54:55,049 - database_manager - INFO - CHIUSA: Connessione SQL Server [mssql_report] chiusa
2025-09-26 14:54:55,050 - enhanced_multi_query_processor - INFO - AVVIO: Pipeline multi-database avanzata
2025-09-26 14:54:55,050 - enhanced_multi_query_processor - INFO - QUERY: [Login Standard DWH] risolto da file queries\DWH-STD.sql
2025-09-26 14:54:55,050 - enhanced_multi_query_processor - INFO - QUERY: Esecuzione Login Standard DWH da [oracle_dwh]
2025-09-26 14:54:55,051 - database_manager - INFO - CONNESSIONE Oracle [oracle_dwh]: 10.50.41.9:1521
2025-09-26 14:54:55,051 - database_manager - INFO - Service Name: dwniam
2025-09-26 14:54:55,051 - database_manager - INFO - TENTATIVO: Username/Password Thick Mode...
2025-09-26 14:54:56,973 - database_manager - INFO - OK: Connesso con Username/Password (Thick Mode)
2025-09-26 14:55:01,251 - enhanced_multi_query_processor - INFO - OK: Query Login Standard DWH completata: 1022 righe -> [DWH].[IAM_STD]
2025-09-26 14:55:02,548 - database_manager - INFO - CHIUSA: Connessione Oracle [oracle_dwh] chiusa
2025-09-26 14:55:02,548 - database_manager - INFO - CONNESSIONE SQL Server [mssql_sviluppo_dest]: GRFWWW010VEN01.griffon.local
2025-09-26 14:55:02,548 - database_manager - INFO - Usando autenticazione Windows per [mssql_sviluppo_dest]
2025-09-26 14:55:02,573 - database_manager - INFO - OK: Connesso a SQL Server [mssql_sviluppo_dest]
2025-09-26 14:55:02,573 - database_manager - INFO - CONNESSIONE SQL Server [mssql_sviluppo_dest]: GRFWWW010VEN01.griffon.local
2025-09-26 14:55:02,573 - database_manager - INFO - Usando autenticazione Windows per [mssql_sviluppo_dest]
2025-09-26 14:55:02,759 - database_manager - INFO - OK: Connesso a SQL Server [mssql_sviluppo_dest]
2025-09-26 14:55:02,823 - database_manager - INFO - SCHEMA: Schema [DWH] verificato/creato in [mssql_sviluppo_dest]
2025-09-26 14:55:02,848 - database_manager - INFO - CHIUSA: Connessione SQL Server [mssql_sviluppo_dest] chiusa
2025-09-26 14:55:02,906 - enhanced_multi_query_processor - INFO - DROP: Tabella [DWH].[IAM_STD] eliminata in [mssql_sviluppo_dest]
2025-09-26 14:55:02,983 - enhanced_multi_query_processor - INFO - CREATE: Tabella [DWH].[IAM_STD] creata in [mssql_sviluppo_dest]
2025-09-26 14:55:29,761 - enhanced_multi_query_processor - INFO - PROGRESS: 1000/1022 righe inserite in [DWH].[IAM_STD]
2025-09-26 14:55:30,391 - enhanced_multi_query_processor - INFO - OK: 1022 righe inserite in [DWH].[IAM_STD]
2025-09-26 14:55:30,443 - database_manager - INFO - CHIUSA: Connessione SQL Server [mssql_sviluppo_dest] chiusa
2025-09-26 14:55:30,444 - enhanced_multi_query_processor - INFO - QUERY: [Login NON Standard DWH] risolto da file queries\DWH-NONSTD.sql
2025-09-26 14:55:30,444 - enhanced_multi_query_processor - INFO - QUERY: Esecuzione Login NON Standard DWH da [oracle_dwh]
2025-09-26 14:55:30,444 - database_manager - INFO - CONNESSIONE Oracle [oracle_dwh]: 10.50.41.9:1521
2025-09-26 14:55:30,444 - database_manager - INFO - Service Name: dwniam
2025-09-26 14:55:30,444 - database_manager - INFO - TENTATIVO: Username/Password Thick Mode...
2025-09-26 14:55:32,389 - database_manager - INFO - OK: Connesso con Username/Password (Thick Mode)
2025-09-26 14:55:36,673 - enhanced_multi_query_processor - INFO - OK: Query Login NON Standard DWH completata: 341 righe -> [DWH].[IAM_NOSTD]
2025-09-26 14:55:38,110 - database_manager - INFO - CHIUSA: Connessione Oracle [oracle_dwh] chiusa
2025-09-26 14:55:38,111 - database_manager - INFO - CONNESSIONE SQL Server [mssql_sviluppo_dest]: GRFWWW010VEN01.griffon.local
2025-09-26 14:55:38,111 - database_manager - INFO - Usando autenticazione Windows per [mssql_sviluppo_dest]
2025-09-26 14:55:38,136 - database_manager - INFO - OK: Connesso a SQL Server [mssql_sviluppo_dest]
2025-09-26 14:55:38,136 - database_manager - INFO - CONNESSIONE SQL Server [mssql_sviluppo_dest]: GRFWWW010VEN01.griffon.local
2025-09-26 14:55:38,136 - database_manager - INFO - Usando autenticazione Windows per [mssql_sviluppo_dest]
2025-09-26 14:55:38,161 - database_manager - INFO - OK: Connesso a SQL Server [mssql_sviluppo_dest]
2025-09-26 14:55:38,212 - database_manager - INFO - SCHEMA: Schema [DWH] verificato/creato in [mssql_sviluppo_dest]
2025-09-26 14:55:38,237 - database_manager - INFO - CHIUSA: Connessione SQL Server [mssql_sviluppo_dest] chiusa
2025-09-26 14:55:38,288 - enhanced_multi_query_processor - INFO - DROP: Tabella [DWH].[IAM_NOSTD] eliminata in [mssql_sviluppo_dest]
2025-09-26 14:55:38,342 - enhanced_multi_query_processor - INFO - CREATE: Tabella [DWH].[IAM_NOSTD] creata in [mssql_sviluppo_dest]
2025-09-26 14:55:47,358 - enhanced_multi_query_processor - INFO - OK: 341 righe inserite in [DWH].[IAM_NOSTD]
2025-09-26 14:55:47,410 - database_manager - INFO - CHIUSA: Connessione SQL Server [mssql_sviluppo_dest] chiusa
2025-09-26 14:55:47,411 - enhanced_multi_query_processor - INFO - QUERY: [Login IAM COMPLETO] risolto da file queries\IAM-STD.sql
2025-09-26 14:55:47,411 - enhanced_multi_query_processor - INFO - QUERY: Esecuzione Login IAM COMPLETO da [mssql_report]
2025-09-26 14:55:47,411 - database_manager - INFO - CONNESSIONE SQL Server [mssql_report]: GRFWWW010VEN01.griffon.local
2025-09-26 14:55:47,411 - database_manager - INFO - Usando autenticazione Windows per [mssql_report]
2025-09-26 14:55:47,441 - database_manager - INFO - OK: Connesso a SQL Server [mssql_report]
2025-09-26 14:55:47,888 - enhanced_multi_query_processor - INFO - OK: Query Login IAM COMPLETO completata: 1041 righe -> [IAM].[Login]
2025-09-26 14:55:47,939 - database_manager - INFO - CHIUSA: Connessione SQL Server [mssql_report] chiusa
2025-09-26 14:55:47,939 - database_manager - INFO - CONNESSIONE SQL Server [mssql_sviluppo_dest]: GRFWWW010VEN01.griffon.local
2025-09-26 14:55:47,939 - database_manager - INFO - Usando autenticazione Windows per [mssql_sviluppo_dest]
2025-09-26 14:55:47,965 - database_manager - INFO - OK: Connesso a SQL Server [mssql_sviluppo_dest]
2025-09-26 14:55:47,965 - database_manager - INFO - CONNESSIONE SQL Server [mssql_sviluppo_dest]: GRFWWW010VEN01.griffon.local
2025-09-26 14:55:47,965 - database_manager - INFO - Usando autenticazione Windows per [mssql_sviluppo_dest]
2025-09-26 14:55:48,170 - database_manager - INFO - OK: Connesso a SQL Server [mssql_sviluppo_dest]
2025-09-26 14:55:48,222 - database_manager - INFO - SCHEMA: Schema [IAM] verificato/creato in [mssql_sviluppo_dest]
2025-09-26 14:55:48,247 - database_manager - INFO - CHIUSA: Connessione SQL Server [mssql_sviluppo_dest] chiusa
2025-09-26 14:55:48,312 - enhanced_multi_query_processor - INFO - DROP: Tabella [IAM].[Login] eliminata in [mssql_sviluppo_dest]
2025-09-26 14:55:48,390 - enhanced_multi_query_processor - INFO - CREATE: Tabella [IAM].[Login] creata in [mssql_sviluppo_dest]
2025-09-26 14:56:19,360 - enhanced_multi_query_processor - INFO - PROGRESS: 1000/1041 righe inserite in [IAM].[Login]
2025-09-26 14:56:20,520 - enhanced_multi_query_processor - INFO - OK: 1041 righe inserite in [IAM].[Login]
2025-09-26 14:56:20,571 - database_manager - INFO - CHIUSA: Connessione SQL Server [mssql_sviluppo_dest] chiusa
2025-09-26 14:56:20,571 - enhanced_multi_query_processor - INFO - OK: Pipeline multi-database avanzata completata
2025-09-26 14:56:20,571 - database_manager - INFO - CONNESSIONE SQL Server [mssql_sviluppo_dest]: GRFWWW010VEN01.griffon.local
2025-09-26 14:56:20,571 - database_manager - INFO - Usando autenticazione Windows per [mssql_sviluppo_dest]
2025-09-26 14:56:20,596 - database_manager - INFO - OK: Connesso a SQL Server [mssql_sviluppo_dest]
2025-09-26 14:56:20,723 - database_manager - INFO - CHIUSA: Connessione SQL Server [mssql_sviluppo_dest] chiusa
2025-09-26 14:56:20,724 - database_manager - INFO - CONNESSIONE SQL Server [mssql_sviluppo_dest]: GRFWWW010VEN01.griffon.local
2025-09-26 14:56:20,724 - database_manager - INFO - Usando autenticazione Windows per [mssql_sviluppo_dest]
2025-09-26 14:56:20,749 - database_manager - INFO - OK: Connesso a SQL Server [mssql_sviluppo_dest]
2025-09-26 14:56:20,876 - database_manager - INFO - CHIUSA: Connessione SQL Server [mssql_sviluppo_dest] chiusa
2025-09-26 14:56:20,876 - database_manager - INFO - CONNESSIONE SQL Server [mssql_sviluppo_dest]: GRFWWW010VEN01.griffon.local
2025-09-26 14:56:20,876 - database_manager - INFO - Usando autenticazione Windows per [mssql_sviluppo_dest]
2025-09-26 14:56:20,900 - database_manager - INFO - OK: Connesso a SQL Server [mssql_sviluppo_dest]
2025-09-26 14:56:21,027 - database_manager - INFO - CHIUSA: Connessione SQL Server [mssql_sviluppo_dest] chiusa
