2025-09-25 14:15:59,577 - database_manager - INFO - TEST: Connessione oracle_iam...
2025-09-25 14:15:59,578 - database_manager - INFO - CONNESSIONE Oracle [oracle_iam]: 10.22.112.70:1551
2025-09-25 14:15:59,578 - database_manager - INFO - Service Name: iam.griffon.local
2025-09-25 14:15:59,578 - database_manager - INFO - TENTATIVO: Username/Password Thick Mode...
2025-09-25 14:16:01,939 - database_manager - INFO - OK: Connesso con Username/Password (Thick Mode)
2025-09-25 14:16:01,989 - database_manager - INFO - OK: Test connessione [oracle_iam]
2025-09-25 14:16:03,429 - database_manager - INFO - CHIUSA: Connessione Oracle [oracle_iam] chiusa
2025-09-25 14:16:03,429 - database_manager - INFO - TEST: Connessione oracle_dwh...
2025-09-25 14:16:03,430 - database_manager - INFO - CONNESSIONE Oracle [oracle_dwh]: 10.50.41.9:1521
2025-09-25 14:16:03,430 - database_manager - INFO - Service Name: dwniam
2025-09-25 14:16:03,430 - database_manager - INFO - TENTATIVO: Username/Password Thick Mode...
2025-09-25 14:16:05,879 - database_manager - INFO - OK: Connesso con Username/Password (Thick Mode)
2025-09-25 14:16:05,930 - database_manager - INFO - OK: Test connessione [oracle_dwh]
2025-09-25 14:16:07,276 - database_manager - INFO - CHIUSA: Connessione Oracle [oracle_dwh] chiusa
2025-09-25 14:16:07,276 - database_manager - INFO - TEST: Connessione mssql_sviluppo_dest...
2025-09-25 14:16:07,276 - database_manager - INFO - CONNESSIONE SQL Server [mssql_sviluppo_dest]: GRFWWW010VEN01.griffon.local
2025-09-25 14:16:07,276 - database_manager - INFO - Usando autenticazione Windows per [mssql_sviluppo_dest]
2025-09-25 14:16:09,157 - database_manager - INFO - OK: Connesso a SQL Server [mssql_sviluppo_dest]
2025-09-25 14:16:09,206 - database_manager - INFO - OK: Test connessione [mssql_sviluppo_dest]
2025-09-25 14:16:09,300 - database_manager - INFO - CHIUSA: Connessione SQL Server [mssql_sviluppo_dest] chiusa
2025-09-25 14:16:09,301 - database_manager - INFO - TEST: Connessione mssql_report...
2025-09-25 14:16:09,301 - database_manager - INFO - CONNESSIONE SQL Server [mssql_report]: GRFWWW010VEN01.griffon.local
2025-09-25 14:16:09,301 - database_manager - INFO - Usando autenticazione Windows per [mssql_report]
2025-09-25 14:16:09,835 - database_manager - INFO - OK: Connesso a SQL Server [mssql_report]
2025-09-25 14:16:09,881 - database_manager - INFO - OK: Test connessione [mssql_report]
2025-09-25 14:16:09,975 - database_manager - INFO - CHIUSA: Connessione SQL Server [mssql_report] chiusa
2025-09-25 14:16:09,976 - enhanced_multi_query_processor - INFO - AVVIO: Pipeline multi-database avanzata
2025-09-25 14:16:09,976 - enhanced_multi_query_processor - INFO - QUERY: [Login Standard DWH] risolto da file queries\DWH-STD.sql
2025-09-25 14:16:09,976 - enhanced_multi_query_processor - INFO - QUERY: Esecuzione Login Standard DWH da [oracle_dwh]
2025-09-25 14:16:09,976 - database_manager - INFO - CONNESSIONE Oracle [oracle_dwh]: 10.50.41.9:1521
2025-09-25 14:16:09,976 - database_manager - INFO - Service Name: dwniam
2025-09-25 14:16:09,976 - database_manager - INFO - TENTATIVO: Username/Password Thick Mode...
2025-09-25 14:16:12,113 - database_manager - INFO - OK: Connesso con Username/Password (Thick Mode)
2025-09-25 14:16:16,257 - enhanced_multi_query_processor - INFO - OK: Query Login Standard DWH completata: 1022 righe -> [DWH].[LoginSTD]
2025-09-25 14:16:17,557 - database_manager - INFO - CHIUSA: Connessione Oracle [oracle_dwh] chiusa
2025-09-25 14:16:17,558 - database_manager - INFO - CONNESSIONE SQL Server [mssql_sviluppo_dest]: GRFWWW010VEN01.griffon.local
2025-09-25 14:16:17,558 - database_manager - INFO - Usando autenticazione Windows per [mssql_sviluppo_dest]
2025-09-25 14:16:17,604 - database_manager - INFO - OK: Connesso a SQL Server [mssql_sviluppo_dest]
2025-09-25 14:16:17,605 - database_manager - INFO - CONNESSIONE SQL Server [mssql_sviluppo_dest]: GRFWWW010VEN01.griffon.local
2025-09-25 14:16:17,605 - database_manager - INFO - Usando autenticazione Windows per [mssql_sviluppo_dest]
2025-09-25 14:16:17,926 - database_manager - INFO - OK: Connesso a SQL Server [mssql_sviluppo_dest]
2025-09-25 14:16:18,022 - database_manager - INFO - SCHEMA: Schema [DWH] verificato/creato in [mssql_sviluppo_dest]
2025-09-25 14:16:18,079 - database_manager - INFO - CHIUSA: Connessione SQL Server [mssql_sviluppo_dest] chiusa
2025-09-25 14:16:18,154 - enhanced_multi_query_processor - ERROR - ERRORE: Inserimento [DWH].[LoginSTD] su [mssql_sviluppo_dest]: ('42S01', "[42S01] [Microsoft][ODBC Driver 17 for SQL Server][SQL Server]There is already an object named 'LoginSTD' in the database. (2714) (SQLExecDirectW)")
2025-09-25 14:16:18,155 - database_manager - ERROR - ERRORE: connessione SQL Server [mssql_sviluppo_dest]: ('42S01', "[42S01] [Microsoft][ODBC Driver 17 for SQL Server][SQL Server]There is already an object named 'LoginSTD' in the database. (2714) (SQLExecDirectW)")
2025-09-25 14:16:18,155 - database_manager - INFO - CHIUSA: Connessione SQL Server [mssql_sviluppo_dest] chiusa
2025-09-25 14:16:18,155 - enhanced_multi_query_processor - ERROR - ERRORE: Query Login Standard DWH: ('42S01', "[42S01] [Microsoft][ODBC Driver 17 for SQL Server][SQL Server]There is already an object named 'LoginSTD' in the database. (2714) (SQLExecDirectW)")
2025-09-25 14:16:18,156 - enhanced_multi_query_processor - INFO - QUERY: [Login NON Standard DWH] risolto da file queries\DWH-NONSTD.sql
2025-09-25 14:16:18,157 - enhanced_multi_query_processor - INFO - QUERY: Esecuzione Login NON Standard DWH da [oracle_dwh]
2025-09-25 14:16:18,157 - database_manager - INFO - CONNESSIONE Oracle [oracle_dwh]: 10.50.41.9:1521
2025-09-25 14:16:18,157 - database_manager - INFO - Service Name: dwniam
2025-09-25 14:16:18,157 - database_manager - INFO - TENTATIVO: Username/Password Thick Mode...
2025-09-25 14:16:20,770 - database_manager - INFO - OK: Connesso con Username/Password (Thick Mode)
2025-09-25 14:16:23,669 - enhanced_multi_query_processor - INFO - OK: Query Login NON Standard DWH completata: 340 righe -> [DWH].[LoginNOSTD]
2025-09-25 14:16:24,932 - database_manager - INFO - CHIUSA: Connessione Oracle [oracle_dwh] chiusa
2025-09-25 14:16:24,932 - database_manager - INFO - CONNESSIONE SQL Server [mssql_sviluppo_dest]: GRFWWW010VEN01.griffon.local
2025-09-25 14:16:24,932 - database_manager - INFO - Usando autenticazione Windows per [mssql_sviluppo_dest]
2025-09-25 14:16:24,979 - database_manager - INFO - OK: Connesso a SQL Server [mssql_sviluppo_dest]
2025-09-25 14:16:24,979 - database_manager - INFO - CONNESSIONE SQL Server [mssql_sviluppo_dest]: GRFWWW010VEN01.griffon.local
2025-09-25 14:16:24,979 - database_manager - INFO - Usando autenticazione Windows per [mssql_sviluppo_dest]
2025-09-25 14:16:25,029 - database_manager - INFO - OK: Connesso a SQL Server [mssql_sviluppo_dest]
2025-09-25 14:16:25,125 - database_manager - INFO - SCHEMA: Schema [DWH] verificato/creato in [mssql_sviluppo_dest]
2025-09-25 14:16:25,172 - database_manager - INFO - CHIUSA: Connessione SQL Server [mssql_sviluppo_dest] chiusa
2025-09-25 14:16:25,220 - enhanced_multi_query_processor - ERROR - ERRORE: Inserimento [DWH].[LoginNOSTD] su [mssql_sviluppo_dest]: ('42S01', "[42S01] [Microsoft][ODBC Driver 17 for SQL Server][SQL Server]There is already an object named 'LoginNOSTD' in the database. (2714) (SQLExecDirectW)")
2025-09-25 14:16:25,220 - database_manager - ERROR - ERRORE: connessione SQL Server [mssql_sviluppo_dest]: ('42S01', "[42S01] [Microsoft][ODBC Driver 17 for SQL Server][SQL Server]There is already an object named 'LoginNOSTD' in the database. (2714) (SQLExecDirectW)")
2025-09-25 14:16:25,220 - database_manager - INFO - CHIUSA: Connessione SQL Server [mssql_sviluppo_dest] chiusa
2025-09-25 14:16:25,220 - enhanced_multi_query_processor - ERROR - ERRORE: Query Login NON Standard DWH: ('42S01', "[42S01] [Microsoft][ODBC Driver 17 for SQL Server][SQL Server]There is already an object named 'LoginNOSTD' in the database. (2714) (SQLExecDirectW)")
2025-09-25 14:16:25,221 - enhanced_multi_query_processor - INFO - QUERY: [Login IAM COMPLETO] risolto da file queries\IAM-STD.sql
2025-09-25 14:16:25,221 - enhanced_multi_query_processor - INFO - QUERY: Esecuzione Login IAM COMPLETO da [mssql_report]
2025-09-25 14:16:25,221 - database_manager - INFO - CONNESSIONE SQL Server [mssql_report]: GRFWWW010VEN01.griffon.local
2025-09-25 14:16:25,221 - database_manager - INFO - Usando autenticazione Windows per [mssql_report]
2025-09-25 14:16:25,273 - database_manager - INFO - OK: Connesso a SQL Server [mssql_report]
2025-09-25 14:16:25,967 - enhanced_multi_query_processor - INFO - OK: Query Login IAM COMPLETO completata: 1038 righe -> [IAM].[Login]
2025-09-25 14:16:26,060 - database_manager - INFO - CHIUSA: Connessione SQL Server [mssql_report] chiusa
2025-09-25 14:16:26,060 - database_manager - INFO - CONNESSIONE SQL Server [mssql_sviluppo_dest]: GRFWWW010VEN01.griffon.local
2025-09-25 14:16:26,060 - database_manager - INFO - Usando autenticazione Windows per [mssql_sviluppo_dest]
2025-09-25 14:16:26,106 - database_manager - INFO - OK: Connesso a SQL Server [mssql_sviluppo_dest]
2025-09-25 14:16:26,107 - database_manager - INFO - CONNESSIONE SQL Server [mssql_sviluppo_dest]: GRFWWW010VEN01.griffon.local
2025-09-25 14:16:26,107 - database_manager - INFO - Usando autenticazione Windows per [mssql_sviluppo_dest]
2025-09-25 14:16:26,153 - database_manager - INFO - OK: Connesso a SQL Server [mssql_sviluppo_dest]
2025-09-25 14:16:26,261 - database_manager - INFO - SCHEMA: Schema [IAM] verificato/creato in [mssql_sviluppo_dest]
2025-09-25 14:16:26,307 - database_manager - INFO - CHIUSA: Connessione SQL Server [mssql_sviluppo_dest] chiusa
2025-09-25 14:16:26,360 - enhanced_multi_query_processor - ERROR - ERRORE: Inserimento [IAM].[Login] su [mssql_sviluppo_dest]: ('42S01', "[42S01] [Microsoft][ODBC Driver 17 for SQL Server][SQL Server]There is already an object named 'Login' in the database. (2714) (SQLExecDirectW)")
2025-09-25 14:16:26,360 - database_manager - ERROR - ERRORE: connessione SQL Server [mssql_sviluppo_dest]: ('42S01', "[42S01] [Microsoft][ODBC Driver 17 for SQL Server][SQL Server]There is already an object named 'Login' in the database. (2714) (SQLExecDirectW)")
2025-09-25 14:16:26,360 - database_manager - INFO - CHIUSA: Connessione SQL Server [mssql_sviluppo_dest] chiusa
2025-09-25 14:16:26,361 - enhanced_multi_query_processor - ERROR - ERRORE: Query Login IAM COMPLETO: ('42S01', "[42S01] [Microsoft][ODBC Driver 17 for SQL Server][SQL Server]There is already an object named 'Login' in the database. (2714) (SQLExecDirectW)")
2025-09-25 14:16:26,361 - enhanced_multi_query_processor - INFO - OK: Pipeline multi-database avanzata completata
