2025-09-26 16:34:04,644 - database_manager - INFO - TEST: Connessione oracle_iam...
2025-09-26 16:34:04,644 - database_manager - INFO - CONNESSIONE Oracle [oracle_iam]: 10.22.112.70:1551
2025-09-26 16:34:04,644 - database_manager - INFO - Service Name: iam.griffon.local
2025-09-26 16:34:04,644 - database_manager - INFO - TENTATIVO: Username/Password Thick Mode...
2025-09-26 16:34:06,665 - database_manager - INFO - OK: Connesso con Username/Password (Thick Mode)
2025-09-26 16:34:06,693 - database_manager - INFO - OK: Test connessione [oracle_iam]
2025-09-26 16:34:08,348 - database_manager - INFO - CHIUSA: Connessione Oracle [oracle_iam] chiusa
2025-09-26 16:34:08,348 - database_manager - INFO - TEST: Connessione oracle_dwh...
2025-09-26 16:34:08,348 - database_manager - INFO - CONNESSIONE Oracle [oracle_dwh]: 10.50.41.9:1521
2025-09-26 16:34:08,348 - database_manager - INFO - Service Name: dwniam
2025-09-26 16:34:08,348 - database_manager - INFO - TENTATIVO: Username/Password Thick Mode...
2025-09-26 16:34:10,959 - database_manager - INFO - OK: Connesso con Username/Password (Thick Mode)
2025-09-26 16:34:10,988 - database_manager - INFO - OK: Test connessione [oracle_dwh]
2025-09-26 16:34:13,529 - database_manager - INFO - CHIUSA: Connessione Oracle [oracle_dwh] chiusa
2025-09-26 16:34:13,529 - database_manager - INFO - TEST: Connessione mssql_sviluppo_dest...
2025-09-26 16:34:13,529 - database_manager - INFO - CONNESSIONE SQL Server [mssql_sviluppo_dest]: GRFWWW010VEN01.griffon.local
2025-09-26 16:34:13,529 - database_manager - INFO - Usando autenticazione Windows per [mssql_sviluppo_dest]
2025-09-26 16:34:13,941 - database_manager - INFO - OK: Connesso a SQL Server [mssql_sviluppo_dest]
2025-09-26 16:34:13,967 - database_manager - INFO - OK: Test connessione [mssql_sviluppo_dest]
2025-09-26 16:34:14,017 - database_manager - INFO - CHIUSA: Connessione SQL Server [mssql_sviluppo_dest] chiusa
2025-09-26 16:34:14,017 - database_manager - INFO - TEST: Connessione mssql_report...
2025-09-26 16:34:14,017 - database_manager - INFO - CONNESSIONE SQL Server [mssql_report]: GRFWWW010VEN01.griffon.local
2025-09-26 16:34:14,017 - database_manager - INFO - Usando autenticazione Windows per [mssql_report]
2025-09-26 16:34:14,326 - database_manager - INFO - OK: Connesso a SQL Server [mssql_report]
2025-09-26 16:34:14,355 - database_manager - INFO - OK: Test connessione [mssql_report]
2025-09-26 16:34:14,404 - database_manager - INFO - CHIUSA: Connessione SQL Server [mssql_report] chiusa
2025-09-26 16:34:14,405 - enhanced_multi_query_processor - INFO - AVVIO: Pipeline multi-database avanzata
2025-09-26 16:34:14,406 - enhanced_multi_query_processor - INFO - QUERY: [Login Standard DWH] risolto da file queries\DWH-IA-STD.sql
2025-09-26 16:34:14,406 - enhanced_multi_query_processor - INFO - QUERY: Esecuzione Login Standard DWH da [oracle_dwh]
2025-09-26 16:34:14,406 - database_manager - INFO - CONNESSIONE Oracle [oracle_dwh]: 10.50.41.9:1521
2025-09-26 16:34:14,406 - database_manager - INFO - Service Name: dwniam
2025-09-26 16:34:14,406 - database_manager - INFO - TENTATIVO: Username/Password Thick Mode...
2025-09-26 16:34:16,846 - database_manager - INFO - OK: Connesso con Username/Password (Thick Mode)
2025-09-26 16:34:18,505 - enhanced_multi_query_processor - INFO - OK: Query Login Standard DWH completata: 1021 righe -> [DWH].[IAM_STD]
2025-09-26 16:34:19,872 - database_manager - INFO - CHIUSA: Connessione Oracle [oracle_dwh] chiusa
2025-09-26 16:34:19,872 - database_manager - INFO - CONNESSIONE SQL Server [mssql_sviluppo_dest]: GRFWWW010VEN01.griffon.local
2025-09-26 16:34:19,872 - database_manager - INFO - Usando autenticazione Windows per [mssql_sviluppo_dest]
2025-09-26 16:34:19,908 - database_manager - INFO - OK: Connesso a SQL Server [mssql_sviluppo_dest]
2025-09-26 16:34:19,908 - database_manager - INFO - CONNESSIONE SQL Server [mssql_sviluppo_dest]: GRFWWW010VEN01.griffon.local
2025-09-26 16:34:19,908 - database_manager - INFO - Usando autenticazione Windows per [mssql_sviluppo_dest]
2025-09-26 16:34:20,098 - database_manager - INFO - OK: Connesso a SQL Server [mssql_sviluppo_dest]
2025-09-26 16:34:20,151 - database_manager - INFO - SCHEMA: Schema [DWH] verificato/creato in [mssql_sviluppo_dest]
2025-09-26 16:34:20,181 - database_manager - INFO - CHIUSA: Connessione SQL Server [mssql_sviluppo_dest] chiusa
2025-09-26 16:34:20,285 - enhanced_multi_query_processor - INFO - DROP: Tabella [DWH].[IAM_STD] eliminata in [mssql_sviluppo_dest]
2025-09-26 16:34:20,343 - enhanced_multi_query_processor - INFO - CREATE: Tabella [DWH].[IAM_STD] creata in [mssql_sviluppo_dest]
2025-09-26 16:34:47,196 - enhanced_multi_query_processor - INFO - PROGRESS: 1000/1021 righe inserite in [DWH].[IAM_STD]
2025-09-26 16:34:47,796 - enhanced_multi_query_processor - INFO - OK: 1021 righe inserite in [DWH].[IAM_STD]
2025-09-26 16:34:47,846 - database_manager - INFO - CHIUSA: Connessione SQL Server [mssql_sviluppo_dest] chiusa
2025-09-26 16:34:47,847 - enhanced_multi_query_processor - INFO - QUERY: [Login NON Standard DWH] risolto da file queries\DWH-IA-NONSTD.sql
2025-09-26 16:34:47,847 - enhanced_multi_query_processor - INFO - QUERY: Esecuzione Login NON Standard DWH da [oracle_dwh]
2025-09-26 16:34:47,847 - database_manager - INFO - CONNESSIONE Oracle [oracle_dwh]: 10.50.41.9:1521
2025-09-26 16:34:47,847 - database_manager - INFO - Service Name: dwniam
2025-09-26 16:34:47,847 - database_manager - INFO - TENTATIVO: Username/Password Thick Mode...
2025-09-26 16:34:50,041 - database_manager - INFO - OK: Connesso con Username/Password (Thick Mode)
2025-09-26 16:34:51,373 - enhanced_multi_query_processor - INFO - OK: Query Login NON Standard DWH completata: 341 righe -> [DWH].[IAM_NOSTD]
2025-09-26 16:34:52,793 - database_manager - INFO - CHIUSA: Connessione Oracle [oracle_dwh] chiusa
2025-09-26 16:34:52,793 - database_manager - INFO - CONNESSIONE SQL Server [mssql_sviluppo_dest]: GRFWWW010VEN01.griffon.local
2025-09-26 16:34:52,793 - database_manager - INFO - Usando autenticazione Windows per [mssql_sviluppo_dest]
2025-09-26 16:34:52,817 - database_manager - INFO - OK: Connesso a SQL Server [mssql_sviluppo_dest]
2025-09-26 16:34:52,817 - database_manager - INFO - CONNESSIONE SQL Server [mssql_sviluppo_dest]: GRFWWW010VEN01.griffon.local
2025-09-26 16:34:52,817 - database_manager - INFO - Usando autenticazione Windows per [mssql_sviluppo_dest]
2025-09-26 16:34:52,843 - database_manager - INFO - OK: Connesso a SQL Server [mssql_sviluppo_dest]
2025-09-26 16:34:52,897 - database_manager - INFO - SCHEMA: Schema [DWH] verificato/creato in [mssql_sviluppo_dest]
2025-09-26 16:34:52,922 - database_manager - INFO - CHIUSA: Connessione SQL Server [mssql_sviluppo_dest] chiusa
2025-09-26 16:34:52,974 - enhanced_multi_query_processor - INFO - DROP: Tabella [DWH].[IAM_NOSTD] eliminata in [mssql_sviluppo_dest]
2025-09-26 16:34:53,028 - enhanced_multi_query_processor - INFO - CREATE: Tabella [DWH].[IAM_NOSTD] creata in [mssql_sviluppo_dest]
2025-09-26 16:35:02,243 - enhanced_multi_query_processor - INFO - OK: 341 righe inserite in [DWH].[IAM_NOSTD]
2025-09-26 16:35:02,297 - database_manager - INFO - CHIUSA: Connessione SQL Server [mssql_sviluppo_dest] chiusa
2025-09-26 16:35:02,298 - enhanced_multi_query_processor - INFO - QUERY: [Login IAM COMPLETO] risolto da file queries\IAM-STD.sql
2025-09-26 16:35:02,298 - enhanced_multi_query_processor - INFO - QUERY: Esecuzione Login IAM COMPLETO da [mssql_report]
2025-09-26 16:35:02,298 - database_manager - INFO - CONNESSIONE SQL Server [mssql_report]: GRFWWW010VEN01.griffon.local
2025-09-26 16:35:02,298 - database_manager - INFO - Usando autenticazione Windows per [mssql_report]
2025-09-26 16:35:02,325 - database_manager - INFO - OK: Connesso a SQL Server [mssql_report]
2025-09-26 16:35:02,717 - enhanced_multi_query_processor - INFO - OK: Query Login IAM COMPLETO completata: 1041 righe -> [IAM].[Login]
2025-09-26 16:35:02,770 - database_manager - INFO - CHIUSA: Connessione SQL Server [mssql_report] chiusa
2025-09-26 16:35:02,770 - database_manager - INFO - CONNESSIONE SQL Server [mssql_sviluppo_dest]: GRFWWW010VEN01.griffon.local
2025-09-26 16:35:02,770 - database_manager - INFO - Usando autenticazione Windows per [mssql_sviluppo_dest]
2025-09-26 16:35:02,795 - database_manager - INFO - OK: Connesso a SQL Server [mssql_sviluppo_dest]
2025-09-26 16:35:02,795 - database_manager - INFO - CONNESSIONE SQL Server [mssql_sviluppo_dest]: GRFWWW010VEN01.griffon.local
2025-09-26 16:35:02,795 - database_manager - INFO - Usando autenticazione Windows per [mssql_sviluppo_dest]
2025-09-26 16:35:03,000 - database_manager - INFO - OK: Connesso a SQL Server [mssql_sviluppo_dest]
2025-09-26 16:35:03,053 - database_manager - INFO - SCHEMA: Schema [IAM] verificato/creato in [mssql_sviluppo_dest]
2025-09-26 16:35:03,078 - database_manager - INFO - CHIUSA: Connessione SQL Server [mssql_sviluppo_dest] chiusa
2025-09-26 16:35:03,130 - enhanced_multi_query_processor - INFO - DROP: Tabella [IAM].[Login] eliminata in [mssql_sviluppo_dest]
2025-09-26 16:35:03,187 - enhanced_multi_query_processor - INFO - CREATE: Tabella [IAM].[Login] creata in [mssql_sviluppo_dest]
2025-09-26 16:35:31,104 - enhanced_multi_query_processor - INFO - PROGRESS: 1000/1041 righe inserite in [IAM].[Login]
2025-09-26 16:35:32,319 - enhanced_multi_query_processor - INFO - OK: 1041 righe inserite in [IAM].[Login]
2025-09-26 16:35:32,373 - database_manager - INFO - CHIUSA: Connessione SQL Server [mssql_sviluppo_dest] chiusa
2025-09-26 16:35:32,373 - enhanced_multi_query_processor - INFO - QUERY: [Login Standard DWH] risolto da file queries\DWH-SO-STD.sql
2025-09-26 16:35:32,373 - enhanced_multi_query_processor - INFO - QUERY: Esecuzione Login Standard DWH da [oracle_dwh]
2025-09-26 16:35:32,373 - database_manager - INFO - CONNESSIONE Oracle [oracle_dwh]: 10.50.41.9:1521
2025-09-26 16:35:32,373 - database_manager - INFO - Service Name: dwniam
2025-09-26 16:35:32,373 - database_manager - INFO - TENTATIVO: Username/Password Thick Mode...
2025-09-26 16:35:34,346 - database_manager - INFO - OK: Connesso con Username/Password (Thick Mode)
2025-09-26 16:35:52,935 - enhanced_multi_query_processor - INFO - OK: Query Login Standard DWH completata: 681 righe -> [DWH].[SO_STD]
2025-09-26 16:35:54,216 - database_manager - INFO - CHIUSA: Connessione Oracle [oracle_dwh] chiusa
2025-09-26 16:35:54,216 - database_manager - INFO - CONNESSIONE SQL Server [mssql_sviluppo_dest]: GRFWWW010VEN01.griffon.local
2025-09-26 16:35:54,216 - database_manager - INFO - Usando autenticazione Windows per [mssql_sviluppo_dest]
2025-09-26 16:35:54,241 - database_manager - INFO - OK: Connesso a SQL Server [mssql_sviluppo_dest]
2025-09-26 16:35:54,241 - database_manager - INFO - CONNESSIONE SQL Server [mssql_sviluppo_dest]: GRFWWW010VEN01.griffon.local
2025-09-26 16:35:54,241 - database_manager - INFO - Usando autenticazione Windows per [mssql_sviluppo_dest]
2025-09-26 16:35:54,267 - database_manager - INFO - OK: Connesso a SQL Server [mssql_sviluppo_dest]
2025-09-26 16:35:54,319 - database_manager - INFO - SCHEMA: Schema [DWH] verificato/creato in [mssql_sviluppo_dest]
2025-09-26 16:35:54,344 - database_manager - INFO - CHIUSA: Connessione SQL Server [mssql_sviluppo_dest] chiusa
2025-09-26 16:35:54,396 - enhanced_multi_query_processor - INFO - DROP: Tabella [DWH].[SO_STD] eliminata in [mssql_sviluppo_dest]
2025-09-26 16:35:54,451 - enhanced_multi_query_processor - INFO - CREATE: Tabella [DWH].[SO_STD] creata in [mssql_sviluppo_dest]
2025-09-26 16:36:13,991 - enhanced_multi_query_processor - INFO - OK: 681 righe inserite in [DWH].[SO_STD]
2025-09-26 16:36:14,042 - database_manager - INFO - CHIUSA: Connessione SQL Server [mssql_sviluppo_dest] chiusa
2025-09-26 16:36:14,042 - enhanced_multi_query_processor - INFO - QUERY: [Login Standard DWH] risolto da file queries\DWH-SO-NOSTD.sql
2025-09-26 16:36:14,043 - enhanced_multi_query_processor - INFO - QUERY: Esecuzione Login Standard DWH da [oracle_dwh]
2025-09-26 16:36:14,043 - database_manager - INFO - CONNESSIONE Oracle [oracle_dwh]: 10.50.41.9:1521
2025-09-26 16:36:14,043 - database_manager - INFO - Service Name: dwniam
2025-09-26 16:36:14,043 - database_manager - INFO - TENTATIVO: Username/Password Thick Mode...
2025-09-26 16:36:16,286 - database_manager - INFO - OK: Connesso con Username/Password (Thick Mode)
2025-09-26 16:36:25,948 - enhanced_multi_query_processor - INFO - OK: Query Login Standard DWH completata: 729 righe -> [DWH].[SO_NOSTD]
2025-09-26 16:36:27,207 - database_manager - INFO - CHIUSA: Connessione Oracle [oracle_dwh] chiusa
2025-09-26 16:36:27,207 - database_manager - INFO - CONNESSIONE SQL Server [mssql_sviluppo_dest]: GRFWWW010VEN01.griffon.local
2025-09-26 16:36:27,207 - database_manager - INFO - Usando autenticazione Windows per [mssql_sviluppo_dest]
2025-09-26 16:36:27,235 - database_manager - INFO - OK: Connesso a SQL Server [mssql_sviluppo_dest]
2025-09-26 16:36:27,235 - database_manager - INFO - CONNESSIONE SQL Server [mssql_sviluppo_dest]: GRFWWW010VEN01.griffon.local
2025-09-26 16:36:27,235 - database_manager - INFO - Usando autenticazione Windows per [mssql_sviluppo_dest]
2025-09-26 16:36:27,260 - database_manager - INFO - OK: Connesso a SQL Server [mssql_sviluppo_dest]
2025-09-26 16:36:27,320 - database_manager - INFO - SCHEMA: Schema [DWH] verificato/creato in [mssql_sviluppo_dest]
2025-09-26 16:36:27,345 - database_manager - INFO - CHIUSA: Connessione SQL Server [mssql_sviluppo_dest] chiusa
2025-09-26 16:36:27,420 - enhanced_multi_query_processor - INFO - DROP: Tabella [DWH].[SO_NOSTD] eliminata in [mssql_sviluppo_dest]
2025-09-26 16:36:27,473 - enhanced_multi_query_processor - INFO - CREATE: Tabella [DWH].[SO_NOSTD] creata in [mssql_sviluppo_dest]
2025-09-26 16:36:47,017 - enhanced_multi_query_processor - INFO - OK: 729 righe inserite in [DWH].[SO_NOSTD]
2025-09-26 16:36:47,067 - database_manager - INFO - CHIUSA: Connessione SQL Server [mssql_sviluppo_dest] chiusa
2025-09-26 16:36:47,067 - enhanced_multi_query_processor - INFO - QUERY: [Login Standard DWH] risolto da file queries\DWH-DB-STD.sql
2025-09-26 16:36:47,067 - enhanced_multi_query_processor - INFO - QUERY: Esecuzione Login Standard DWH da [oracle_dwh]
2025-09-26 16:36:47,068 - database_manager - INFO - CONNESSIONE Oracle [oracle_dwh]: 10.50.41.9:1521
2025-09-26 16:36:47,068 - database_manager - INFO - Service Name: dwniam
2025-09-26 16:36:47,068 - database_manager - INFO - TENTATIVO: Username/Password Thick Mode...
2025-09-26 16:36:49,182 - database_manager - INFO - OK: Connesso con Username/Password (Thick Mode)
2025-09-26 16:36:50,726 - enhanced_multi_query_processor - INFO - OK: Query Login Standard DWH completata: 1005 righe -> [DWH].[DB_STD]
2025-09-26 16:36:51,826 - database_manager - INFO - CHIUSA: Connessione Oracle [oracle_dwh] chiusa
2025-09-26 16:36:51,826 - database_manager - INFO - CONNESSIONE SQL Server [mssql_sviluppo_dest]: GRFWWW010VEN01.griffon.local
2025-09-26 16:36:51,826 - database_manager - INFO - Usando autenticazione Windows per [mssql_sviluppo_dest]
2025-09-26 16:36:51,851 - database_manager - INFO - OK: Connesso a SQL Server [mssql_sviluppo_dest]
2025-09-26 16:36:51,851 - database_manager - INFO - CONNESSIONE SQL Server [mssql_sviluppo_dest]: GRFWWW010VEN01.griffon.local
2025-09-26 16:36:51,851 - database_manager - INFO - Usando autenticazione Windows per [mssql_sviluppo_dest]
2025-09-26 16:36:51,879 - database_manager - INFO - OK: Connesso a SQL Server [mssql_sviluppo_dest]
2025-09-26 16:36:51,931 - database_manager - INFO - SCHEMA: Schema [DWH] verificato/creato in [mssql_sviluppo_dest]
2025-09-26 16:36:51,955 - database_manager - INFO - CHIUSA: Connessione SQL Server [mssql_sviluppo_dest] chiusa
2025-09-26 16:36:52,005 - enhanced_multi_query_processor - INFO - DROP: Tabella [DWH].[DB_STD] eliminata in [mssql_sviluppo_dest]
2025-09-26 16:36:52,060 - enhanced_multi_query_processor - INFO - CREATE: Tabella [DWH].[DB_STD] creata in [mssql_sviluppo_dest]
2025-09-26 16:37:20,807 - enhanced_multi_query_processor - INFO - PROGRESS: 1000/1005 righe inserite in [DWH].[DB_STD]
2025-09-26 16:37:20,961 - enhanced_multi_query_processor - INFO - OK: 1005 righe inserite in [DWH].[DB_STD]
2025-09-26 16:37:21,012 - database_manager - INFO - CHIUSA: Connessione SQL Server [mssql_sviluppo_dest] chiusa
2025-09-26 16:37:21,013 - enhanced_multi_query_processor - INFO - QUERY: [Login Standard DWH] risolto da file queries\DWH-DB-NOSTD.sql
2025-09-26 16:37:21,013 - enhanced_multi_query_processor - INFO - QUERY: Esecuzione Login Standard DWH da [oracle_dwh]
2025-09-26 16:37:21,013 - database_manager - INFO - CONNESSIONE Oracle [oracle_dwh]: 10.50.41.9:1521
2025-09-26 16:37:21,013 - database_manager - INFO - Service Name: dwniam
2025-09-26 16:37:21,013 - database_manager - INFO - TENTATIVO: Username/Password Thick Mode...
2025-09-26 16:37:23,285 - database_manager - INFO - OK: Connesso con Username/Password (Thick Mode)
2025-09-26 16:37:24,170 - enhanced_multi_query_processor - INFO - OK: Query Login Standard DWH completata: 1209 righe -> [DWH].[DB_NOSTD]
2025-09-26 16:37:25,741 - database_manager - INFO - CHIUSA: Connessione Oracle [oracle_dwh] chiusa
2025-09-26 16:37:25,741 - database_manager - INFO - CONNESSIONE SQL Server [mssql_sviluppo_dest]: GRFWWW010VEN01.griffon.local
2025-09-26 16:37:25,742 - database_manager - INFO - Usando autenticazione Windows per [mssql_sviluppo_dest]
2025-09-26 16:37:25,767 - database_manager - INFO - OK: Connesso a SQL Server [mssql_sviluppo_dest]
2025-09-26 16:37:25,767 - database_manager - INFO - CONNESSIONE SQL Server [mssql_sviluppo_dest]: GRFWWW010VEN01.griffon.local
2025-09-26 16:37:25,767 - database_manager - INFO - Usando autenticazione Windows per [mssql_sviluppo_dest]
2025-09-26 16:37:25,791 - database_manager - INFO - OK: Connesso a SQL Server [mssql_sviluppo_dest]
2025-09-26 16:37:25,848 - database_manager - INFO - SCHEMA: Schema [DWH] verificato/creato in [mssql_sviluppo_dest]
2025-09-26 16:37:25,875 - database_manager - INFO - CHIUSA: Connessione SQL Server [mssql_sviluppo_dest] chiusa
2025-09-26 16:37:25,925 - enhanced_multi_query_processor - INFO - DROP: Tabella [DWH].[DB_NOSTD] eliminata in [mssql_sviluppo_dest]
2025-09-26 16:37:25,980 - enhanced_multi_query_processor - INFO - CREATE: Tabella [DWH].[DB_NOSTD] creata in [mssql_sviluppo_dest]
2025-09-26 16:37:52,540 - enhanced_multi_query_processor - INFO - PROGRESS: 1000/1209 righe inserite in [DWH].[DB_NOSTD]
2025-09-26 16:37:58,088 - enhanced_multi_query_processor - INFO - OK: 1209 righe inserite in [DWH].[DB_NOSTD]
2025-09-26 16:37:58,140 - database_manager - INFO - CHIUSA: Connessione SQL Server [mssql_sviluppo_dest] chiusa
2025-09-26 16:37:58,140 - enhanced_multi_query_processor - INFO - OK: Pipeline multi-database avanzata completata
2025-09-26 16:37:58,140 - database_manager - INFO - CONNESSIONE SQL Server [mssql_sviluppo_dest]: GRFWWW010VEN01.griffon.local
2025-09-26 16:37:58,141 - database_manager - INFO - Usando autenticazione Windows per [mssql_sviluppo_dest]
2025-09-26 16:37:58,166 - database_manager - INFO - OK: Connesso a SQL Server [mssql_sviluppo_dest]
2025-09-26 16:37:58,285 - database_manager - INFO - CHIUSA: Connessione SQL Server [mssql_sviluppo_dest] chiusa
2025-09-26 16:37:58,285 - database_manager - INFO - CONNESSIONE SQL Server [mssql_sviluppo_dest]: GRFWWW010VEN01.griffon.local
2025-09-26 16:37:58,286 - database_manager - INFO - Usando autenticazione Windows per [mssql_sviluppo_dest]
2025-09-26 16:37:58,310 - database_manager - INFO - OK: Connesso a SQL Server [mssql_sviluppo_dest]
2025-09-26 16:37:58,432 - database_manager - INFO - CHIUSA: Connessione SQL Server [mssql_sviluppo_dest] chiusa
2025-09-26 16:37:58,433 - database_manager - INFO - CONNESSIONE SQL Server [mssql_sviluppo_dest]: GRFWWW010VEN01.griffon.local
2025-09-26 16:37:58,433 - database_manager - INFO - Usando autenticazione Windows per [mssql_sviluppo_dest]
2025-09-26 16:37:58,459 - database_manager - INFO - OK: Connesso a SQL Server [mssql_sviluppo_dest]
2025-09-26 16:37:58,590 - database_manager - INFO - CHIUSA: Connessione SQL Server [mssql_sviluppo_dest] chiusa
2025-09-26 16:37:58,590 - database_manager - INFO - CONNESSIONE SQL Server [mssql_sviluppo_dest]: GRFWWW010VEN01.griffon.local
2025-09-26 16:37:58,590 - database_manager - INFO - Usando autenticazione Windows per [mssql_sviluppo_dest]
2025-09-26 16:37:58,634 - database_manager - INFO - OK: Connesso a SQL Server [mssql_sviluppo_dest]
2025-09-26 16:37:58,761 - database_manager - INFO - CHIUSA: Connessione SQL Server [mssql_sviluppo_dest] chiusa
2025-09-26 16:37:58,761 - database_manager - INFO - CONNESSIONE SQL Server [mssql_sviluppo_dest]: GRFWWW010VEN01.griffon.local
2025-09-26 16:37:58,761 - database_manager - INFO - Usando autenticazione Windows per [mssql_sviluppo_dest]
2025-09-26 16:37:58,786 - database_manager - INFO - OK: Connesso a SQL Server [mssql_sviluppo_dest]
2025-09-26 16:37:58,908 - database_manager - INFO - CHIUSA: Connessione SQL Server [mssql_sviluppo_dest] chiusa
2025-09-26 16:37:58,909 - database_manager - INFO - CONNESSIONE SQL Server [mssql_sviluppo_dest]: GRFWWW010VEN01.griffon.local
2025-09-26 16:37:58,909 - database_manager - INFO - Usando autenticazione Windows per [mssql_sviluppo_dest]
2025-09-26 16:37:58,933 - database_manager - INFO - OK: Connesso a SQL Server [mssql_sviluppo_dest]
2025-09-26 16:37:59,054 - database_manager - INFO - CHIUSA: Connessione SQL Server [mssql_sviluppo_dest] chiusa
2025-09-26 16:37:59,054 - database_manager - INFO - CONNESSIONE SQL Server [mssql_sviluppo_dest]: GRFWWW010VEN01.griffon.local
2025-09-26 16:37:59,054 - database_manager - INFO - Usando autenticazione Windows per [mssql_sviluppo_dest]
2025-09-26 16:37:59,085 - database_manager - INFO - OK: Connesso a SQL Server [mssql_sviluppo_dest]
2025-09-26 16:37:59,283 - database_manager - INFO - CHIUSA: Connessione SQL Server [mssql_sviluppo_dest] chiusa
