2025-09-26 15:38:58,666 - database_manager - INFO - TEST: Connessione oracle_iam...
2025-09-26 15:38:58,666 - database_manager - INFO - CONNESSIONE Oracle [oracle_iam]: 10.22.112.70:1551
2025-09-26 15:38:58,666 - database_manager - INFO - Service Name: iam.griffon.local
2025-09-26 15:38:58,666 - database_manager - INFO - TENTATIVO: Username/Password Thick Mode...
2025-09-26 15:39:00,571 - database_manager - INFO - OK: Connesso con Username/Password (Thick Mode)
2025-09-26 15:39:00,601 - database_manager - INFO - OK: Test connessione [oracle_iam]
2025-09-26 15:39:02,160 - database_manager - INFO - CHIUSA: Connessione Oracle [oracle_iam] chiusa
2025-09-26 15:39:02,160 - database_manager - INFO - TEST: Connessione oracle_dwh...
2025-09-26 15:39:02,160 - database_manager - INFO - CONNESSIONE Oracle [oracle_dwh]: 10.50.41.9:1521
2025-09-26 15:39:02,160 - database_manager - INFO - Service Name: dwniam
2025-09-26 15:39:02,160 - database_manager - INFO - TENTATIVO: Username/Password Thick Mode...
2025-09-26 15:39:04,349 - database_manager - INFO - OK: Connesso con Username/Password (Thick Mode)
2025-09-26 15:39:04,376 - database_manager - INFO - OK: Test connessione [oracle_dwh]
2025-09-26 15:39:05,812 - database_manager - INFO - CHIUSA: Connessione Oracle [oracle_dwh] chiusa
2025-09-26 15:39:05,812 - database_manager - INFO - TEST: Connessione mssql_sviluppo_dest...
2025-09-26 15:39:05,813 - database_manager - INFO - CONNESSIONE SQL Server [mssql_sviluppo_dest]: GRFWWW010VEN01.griffon.local
2025-09-26 15:39:05,813 - database_manager - INFO - Usando autenticazione Windows per [mssql_sviluppo_dest]
2025-09-26 15:39:07,289 - database_manager - INFO - OK: Connesso a SQL Server [mssql_sviluppo_dest]
2025-09-26 15:39:07,315 - database_manager - INFO - OK: Test connessione [mssql_sviluppo_dest]
2025-09-26 15:39:07,369 - database_manager - INFO - CHIUSA: Connessione SQL Server [mssql_sviluppo_dest] chiusa
2025-09-26 15:39:07,369 - database_manager - INFO - TEST: Connessione mssql_report...
2025-09-26 15:39:07,369 - database_manager - INFO - CONNESSIONE SQL Server [mssql_report]: GRFWWW010VEN01.griffon.local
2025-09-26 15:39:07,369 - database_manager - INFO - Usando autenticazione Windows per [mssql_report]
2025-09-26 15:39:07,668 - database_manager - INFO - OK: Connesso a SQL Server [mssql_report]
2025-09-26 15:39:07,694 - database_manager - INFO - OK: Test connessione [mssql_report]
2025-09-26 15:39:07,745 - database_manager - INFO - CHIUSA: Connessione SQL Server [mssql_report] chiusa
2025-09-26 15:39:07,745 - database_manager - INFO - TEST: Connessione mssql_locale...
2025-09-26 15:39:07,745 - database_manager - INFO - CONNESSIONE SQL Server [mssql_locale]: SL-3863\REPLICA
2025-09-26 15:39:07,745 - database_manager - INFO - Usando autenticazione SQL Server per [mssql_locale]
2025-09-26 15:39:23,591 - database_manager - ERROR - ERRORE: connessione SQL Server [mssql_locale]: ('08001', "[08001] [Microsoft][ODBC Driver 17 for SQL Server]Provider TCP: Impossibile stabilire la connessione. Rifiuto persistente del computer di destinazione.\r\n (10061) (SQLDriverConnect); [08001] [Microsoft][ODBC Driver 17 for SQL Server]Timeout di accesso scaduto (0); [08001] [Microsoft][ODBC Driver 17 for SQL Server]Si è verificato un errore specifico dell'istanza o relativo alla rete durante il tentativo di stabilire una connessione a SQL Server. Server non trovato o non accessibile. Verificare che il nome dell'istanza sia corretto e che il server sia configurato in modo da consentire connessioni remote. Per ulteriori informazioni, vedere la documentazione online di SQL Server. (10061)")
2025-09-26 15:39:23,591 - database_manager - ERROR - ERRORE: Test connessione [mssql_locale]: ('08001', "[08001] [Microsoft][ODBC Driver 17 for SQL Server]Provider TCP: Impossibile stabilire la connessione. Rifiuto persistente del computer di destinazione.\r\n (10061) (SQLDriverConnect); [08001] [Microsoft][ODBC Driver 17 for SQL Server]Timeout di accesso scaduto (0); [08001] [Microsoft][ODBC Driver 17 for SQL Server]Si è verificato un errore specifico dell'istanza o relativo alla rete durante il tentativo di stabilire una connessione a SQL Server. Server non trovato o non accessibile. Verificare che il nome dell'istanza sia corretto e che il server sia configurato in modo da consentire connessioni remote. Per ulteriori informazioni, vedere la documentazione online di SQL Server. (10061)")
